android/app/build/intermediates/aapt_proguard_file/release/processReleaseResources/aapt_rules.txt
-keep class androidx.core.app.CoreComponentFactory { <init>(); }
-keep class androidx.profileinstaller.ProfileInstallReceiver { <init>(); }
-keep class androidx.startup.InitializationProvider { <init>(); }
-keep class com.phoenix.client.PhoenixApp { <init>(); }
-keep class com.phoenix.client.service.PhoenixService { <init>(); }
-keep class com.phoenix.client.service.PhoenixVpnService { <init>(); }
-keep class com.phoenix.client.ui.MainActivity { <init>(); }