android/app/build/outputs/mapping/release/seeds.txt
com.phoenix.client.service.PhoenixService
com.phoenix.client.PhoenixApp
com.phoenix.client.di.AppModule
com.phoenix.client.ui.viewmodel.SettingsViewModel
com.phoenix.client.ui.viewmodel.HomeViewModel_HiltModules$BindsModule
com.phoenix.client.PhoenixApp_GeneratedInjector
com.phoenix.client.ui.viewmodel.ConfigViewModel
com.phoenix.client.ui.viewmodel.ConfigViewModel_HiltModules$BindsModule
com.phoenix.client.ui.viewmodel.HomeViewModel_HiltModules$KeyModule
com.phoenix.client.ui.viewmodel.SettingsViewModel_HiltModules$KeyModule
com.phoenix.client.ui.viewmodel.ConfigViewModel_HiltModules$KeyModule
com.phoenix.client.ui.viewmodel.SettingsViewModel_HiltModules$BindsModule
com.phoenix.client.ui.viewmodel.HomeViewModel
com.phoenix.client.ui.MainActivity_GeneratedInjector
com.phoenix.client.ui.MainActivity
com.phoenix.client.service.PhoenixVpnService
com.phoenix.client.PhoenixApp: int $stable
com.phoenix.client.Hilt_PhoenixApp: boolean injected
com.phoenix.client.di.AppModule: int $stable
com.phoenix.client.Hilt_PhoenixApp: dagger.hilt.android.internal.managers.ApplicationComponentManager componentManager
com.phoenix.client.ui.viewmodel.SettingsViewModel_HiltModules$KeyModule: SettingsViewModel_HiltModules$KeyModule()
com.phoenix.client.service.PhoenixService: PhoenixService()
com.phoenix.client.PhoenixApp_GeneratedInjector: void injectPhoenixApp(com.phoenix.client.PhoenixApp)
com.phoenix.client.ui.screen.PendingKeyAction: com.phoenix.client.ui.screen.PendingKeyAction valueOf(java.lang.String)
com.phoenix.client.ui.viewmodel.HomeViewModel_HiltModules$BindsModule: androidx.lifecycle.ViewModel binds(com.phoenix.client.ui.viewmodel.HomeViewModel)
com.phoenix.client.ui.viewmodel.SettingsViewModel_HiltModules$KeyModule: boolean provide()
com.phoenix.client.ui.viewmodel.ConfigViewModel_HiltModules$KeyModule: ConfigViewModel_HiltModules$KeyModule()
com.phoenix.client.ui.viewmodel.ConnectionMode: com.phoenix.client.ui.viewmodel.ConnectionMode[] values()
com.phoenix.client.ui.viewmodel.ConfigViewModel_HiltModules$KeyModule: boolean provide()
com.phoenix.client.Hilt_PhoenixApp: void onCreate()
com.phoenix.client.service.PhoenixVpnService: PhoenixVpnService()
com.phoenix.client.Hilt_PhoenixApp: void hiltInternalInject()
com.phoenix.client.ui.MainActivity_GeneratedInjector: void injectMainActivity(com.phoenix.client.ui.MainActivity)
com.phoenix.client.Hilt_PhoenixApp: dagger.hilt.internal.GeneratedComponentManager componentManager()
com.phoenix.client.Hilt_PhoenixApp: dagger.hilt.android.internal.managers.ApplicationComponentManager componentManager()
com.phoenix.client.ui.viewmodel.HomeViewModel_HiltModules$KeyModule: HomeViewModel_HiltModules$KeyModule()
com.phoenix.client.ui.viewmodel.SettingsViewModel_HiltModules$BindsModule: androidx.lifecycle.ViewModel binds(com.phoenix.client.ui.viewmodel.SettingsViewModel)
com.phoenix.client.PhoenixApp: PhoenixApp()
com.phoenix.client.di.AppModule: AppModule()
com.phoenix.client.ui.viewmodel.HomeViewModel_HiltModules$BindsModule: HomeViewModel_HiltModules$BindsModule()
com.phoenix.client.ui.viewmodel.ConnectionStatus: com.phoenix.client.ui.viewmodel.ConnectionStatus valueOf(java.lang.String)
com.phoenix.client.ui.viewmodel.SettingsViewModel_HiltModules$BindsModule: SettingsViewModel_HiltModules$BindsModule()
com.phoenix.client.di.AppModule: com.phoenix.client.domain.repository.ConfigRepository bindConfigRepository(com.phoenix.client.data.repository.ConfigRepositoryImpl)
com.phoenix.client.ui.screen.PendingKeyAction: com.phoenix.client.ui.screen.PendingKeyAction[] values()
com.phoenix.client.ui.viewmodel.ConfigViewModel_HiltModules$BindsModule: androidx.lifecycle.ViewModel binds(com.phoenix.client.ui.viewmodel.ConfigViewModel)
com.phoenix.client.ui.viewmodel.ConnectionMode: com.phoenix.client.ui.viewmodel.ConnectionMode valueOf(java.lang.String)
com.phoenix.client.ui.viewmodel.HomeViewModel_HiltModules$KeyModule: boolean provide()
...
dagger.hilt.processor.internal.definecomponent.codegen._dagger_hilt_android_components_ViewModelComponent
dagger.hilt.android.internal.lifecycle.HiltViewModelAssistedMap
androidx.navigation.ActivityNavigator
androidx.compose.foundation.lazy.layout.TraversablePrefetchStateModifierElement
kotlinx.coroutines.android.AndroidDispatcherFactory
androidx.compose.foundation.text.modifiers.TextStringSimpleElement
androidx.core.app.RemoteActionCompatParcelizer
dagger.hilt.android.internal.lifecycle.HiltViewModelMap
androidx.compose.foundation.FocusableElement
dagger.hilt.internal.aggregatedroot.AggregatedRoot
dagger.hilt.android.components.ActivityComponent
dagger.hilt.android.scopes.FragmentScoped
dagger.hilt.android.internal.builders.ActivityRetainedComponentBuilder
dagger.hilt.InstallIn
androidx.compose.ui.draw.ShadowGraphicsLayerElement
dagger.hilt.android.internal.lifecycle.HiltWrapper_HiltViewModelFactory_ViewModelModule
dagger.hilt.android.internal.managers.HiltWrapper_ActivityRetainedComponentManager_ActivityRetainedComponentBuilderEntryPoint
dagger.hilt.processor.internal.definecomponent.codegen._dagger_hilt_android_internal_builders_FragmentComponentBuilder
dagger.hilt.processor.internal.generatesrootinput.codegen.dagger_hilt_DefineComponent_Builder
dagger.hilt.internal.TestSingletonComponent
dagger.hilt.processor.internal.definecomponent.codegen._dagger_hilt_android_internal_builders_ViewComponentBuilder
dagger.hilt.android.internal.managers.HiltWrapper_ActivityRetainedComponentManager_ActivityRetainedLifecycleEntryPoint
dagger.hilt.android.scopes.ServiceScoped
androidx.lifecycle.LegacySavedStateHandleController$OnRecreation
dagger.hilt.migration.AliasOf
dagger.hilt.processor.internal.definecomponent.codegen._dagger_hilt_android_internal_builders_ActivityRetainedComponentBuilder
dagger.hilt.android.internal.managers.ServiceComponentManager
androidx.compose.foundation.text.input.internal.LegacyAdaptingPlatformTextInputModifier
androidx.compose.foundation.IndicationModifierElement
dagger.hilt.processor.internal.definecomponent.codegen._dagger_hilt_android_internal_builders_ServiceComponentBuilder
dagger.hilt.android.internal.managers.FragmentComponentManager
androidx.compose.foundation.layout.PaddingValuesElement
dagger.hilt.android.lifecycle.RetainedLifecycle$OnClearedListener
dagger.hilt.processor.internal.aggregateddeps.AggregatedDeps
dagger.hilt.processor.internal.definecomponent.codegen._dagger_hilt_android_internal_builders_ActivityComponentBuilder
androidx.compose.foundation.BackgroundElement
dagger.hilt.android.internal.lifecycle.DefaultViewModelFactories_InternalFactoryFactory_Factory
dagger.hilt.android.internal.managers.ActivityRetainedComponentManager$1
dagger.hilt.internal.Preconditions
dagger.hilt.android.lifecycle.ActivityRetainedSavedState
dagger.hilt.android.flags.FragmentGetContextFix$DisableFragmentGetContextFix
androidx.versionedparcelable.ParcelImpl
androidx.compose.foundation.layout.PaddingElement
androidx.compose.material3.MinimumInteractiveModifier
dagger.hilt.package-info
dagger.hilt.android.internal.migration.HasCustomInject
dagger.hilt.processor.internal.definecomponent.codegen._dagger_hilt_android_components_ViewWithFragmentComponent
androidx.core.app.CoreComponentFactory
androidx.compose.ui.focus.FocusRequesterElement
androidx.profileinstaller.ProfileInstallReceiver
androidx.compose.foundation.lazy.layout.LazyLayoutItemAnimator$DisplayingDisappearingItemsElement
dagger.hilt.android.internal.managers.ActivityComponentManager$ActivityComponentBuilderEntryPoint
androidx.compose.foundation.MagnifierElement
dagger.hilt.internal.aliasof.AliasOfPropagatedData
androidx.compose.foundation.FocusableKt$FocusableInNonTouchModeElement$1
dagger.hilt.android.internal.ThreadUtil
dagger.hilt.android.internal.lifecycle.HiltViewModelFactory$ViewModelModule
dagger.hilt.processor.internal.generatesrootinput.codegen.dagger_hilt_internal_GeneratedEntryPoint
androidx.compose.foundation.gestures.DraggableElement